<?xml version="1.0" encoding="UTF-8"?>
<!-- Generated by org.testng.reporters.JUnitXMLReporter -->
<testsuite hostname="DESKTOP-FU6LPD6" ignored="2" name="Default test" tests="1" failures="0" timestamp="01 Sep 2019 09:02:31 GMT" time="100.454" errors="0">
  <testcase name="loginPageTitleTest" time="2.763" classname="com.crm.qa.testcases.LoginPageTest"/>
  <testcase name="LoginTest" time="0.0" classname="com.crm.qa.testcases.LoginPageTest">
    <ignored/>
  </testcase> <!-- LoginTest -->
  <testcase name="crmlogoImageTest" time="0.0" classname="com.crm.qa.testcases.LoginPageTest">
    <ignored/>
  </testcase> <!-- crmlogoImageTest -->
</testsuite> <!-- Default test -->
