<?xml version="1.0" encoding="UTF-8"?>
<!-- Generated by org.testng.reporters.JUnitXMLReporter -->
<testsuite hostname="DESKTOP-FU6LPD6" ignored="0" name="CRMPRO Test Cases" tests="12" failures="0" timestamp="31 Aug 2019 16:31:35 GMT" time="507.107" errors="0">
  <testcase name="loginPageTitleTest" time="2.029" classname="com.crm.qa.testcases.LoginPageTest"/>
  <testcase name="verifyHomepageTitleTest" time="0.05" classname="com.crm.qa.testcases.HomePageTest"/>
  <testcase name="verifyContactsPageLabel" time="0.369" classname="com.crm.qa.testcases.ContactsPageTest"/>
  <testcase name="crmlogoImageTest" time="0.323" classname="com.crm.qa.testcases.LoginPageTest"/>
  <testcase name="verifyuserNameLabelTest" time="1.236" classname="com.crm.qa.testcases.HomePageTest"/>
  <testcase name="selectSingleContactTest" time="0.39" classname="com.crm.qa.testcases.ContactsPageTest"/>
  <testcase name="LoginTest" time="11.281" classname="com.crm.qa.testcases.LoginPageTest"/>
  <testcase name="clickOnContactsLink" time="3.31" classname="com.crm.qa.testcases.HomePageTest"/>
  <testcase name="selectMultipleContactTest" time="0.606" classname="com.crm.qa.testcases.ContactsPageTest"/>
  <testcase name="createNewContactlinkTest" time="10.099" classname="com.crm.qa.testcases.ContactsPageTest"/>
  <testcase name="createNewContactlinkTest" time="8.788" classname="com.crm.qa.testcases.ContactsPageTest"/>
  <testcase name="createNewContactlinkTest" time="8.705" classname="com.crm.qa.testcases.ContactsPageTest"/>
</testsuite> <!-- CRMPRO Test Cases -->
