<?xml version="1.0" encoding="UTF-8"?>
<!-- Generated by org.testng.reporters.JUnitXMLReporter -->
<testsuite hostname="DESKTOP-FU6LPD6" ignored="0" name="CRMPRO Test Cases" tests="12" failures="0" timestamp="31 Aug 2019 16:31:35 GMT" time="501.738" errors="0">
  <testcase name="loginPageTitleTest" time="1.393" classname="com.crm.qa.testcases.LoginPageTest"/>
  <testcase name="verifyHomepageTitleTest" time="0.131" classname="com.crm.qa.testcases.HomePageTest"/>
  <testcase name="verifyContactsPageLabel" time="0.191" classname="com.crm.qa.testcases.ContactsPageTest"/>
  <testcase name="crmlogoImageTest" time="0.636" classname="com.crm.qa.testcases.LoginPageTest"/>
  <testcase name="verifyuserNameLabelTest" time="0.291" classname="com.crm.qa.testcases.HomePageTest"/>
  <testcase name="selectSingleContactTest" time="0.52" classname="com.crm.qa.testcases.ContactsPageTest"/>
  <testcase name="LoginTest" time="9.103" classname="com.crm.qa.testcases.LoginPageTest"/>
  <testcase name="clickOnContactsLink" time="4.985" classname="com.crm.qa.testcases.HomePageTest"/>
  <testcase name="selectMultipleContactTest" time="0.584" classname="com.crm.qa.testcases.ContactsPageTest"/>
  <testcase name="createNewContactlinkTest" time="10.075" classname="com.crm.qa.testcases.ContactsPageTest"/>
  <testcase name="createNewContactlinkTest" time="9.272" classname="com.crm.qa.testcases.ContactsPageTest"/>
  <testcase name="createNewContactlinkTest" time="7.721" classname="com.crm.qa.testcases.ContactsPageTest"/>
</testsuite> <!-- CRMPRO Test Cases -->
