<?xml version="1.0" encoding="UTF-8"?>
<testng-results skipped="0" failed="0" ignored="2" total="3" passed="1">
  <reporter-output>
  </reporter-output>
  <suite name="Default suite" duration-ms="100454" started-at="2019-09-01T09:00:50Z" finished-at="2019-09-01T09:02:31Z">
    <groups>
    </groups>
    <test name="Default test" duration-ms="100454" started-at="2019-09-01T09:00:50Z" finished-at="2019-09-01T09:02:31Z">
      <class name="com.crm.qa.testcases.LoginPageTest">
        <test-method status="PASS" signature="setup()[pri:0, instance:com.crm.qa.testcases.LoginPageTest@6722db6e]" name="setup" is-config="true" duration-ms="93390" started-at="2019-09-01T14:30:51Z" finished-at="2019-09-01T14:32:24Z">
          <reporter-output>
          </reporter-output>
        </test-method> <!-- setup -->
        <test-method status="PASS" signature="loginPageTitleTest()[pri:1, instance:com.crm.qa.testcases.LoginPageTest@6722db6e]" name="loginPageTitleTest" duration-ms="2763" started-at="2019-09-01T14:32:26Z" finished-at="2019-09-01T14:32:29Z">
          <reporter-output>
          </reporter-output>
        </test-method> <!-- loginPageTitleTest -->
        <test-method status="PASS" signature="teardown()[pri:0, instance:com.crm.qa.testcases.LoginPageTest@6722db6e]" name="teardown" is-config="true" duration-ms="1282" started-at="2019-09-01T14:32:29Z" finished-at="2019-09-01T14:32:31Z">
          <reporter-output>
          </reporter-output>
        </test-method> <!-- teardown -->
      </class> <!-- com.crm.qa.testcases.LoginPageTest -->
    </test> <!-- Default test -->
  </suite> <!-- Default suite -->
</testng-results>
